<?xml version="1.0" encoding="UTF-8"?>
<!-- Generated by org.testng.reporters.JUnitReportReporter -->
<testsuite skipped="0" hostname="Nishants-MacBook-Air.local" name="RCBTest" tests="2" failures="0" timestamp="16 Feb 2023 07:08:37 GMT" time="0.006" errors="0">
  <testcase name="validateForeignPlayers" time="0.006" classname="RCBTest"/>
  <testcase name="validatePresenceOfWicketKeeper" time="0.000" classname="RCBTest"/>
</testsuite> <!-- RCBTest -->
